[2024-12-22T16:32:54.fZ] INFO [src.socket_handlers.handle_connect:16] [Dummy-4] WebSocket connected successfully
[2024-12-22T16:32:54.fZ] INFO [src.socket_handlers.handle_connect:17] [Dummy-4] Client ID: ToDuI-CAZS5AysKCAAAB
[2024-12-22T16:32:54.fZ] INFO [src.socket_handlers.handle_connect:24] [Dummy-4] Sent connection_established event
[2024-12-22T16:32:59.fZ] ERROR [src.transcription_manager.process_transcription:396] [ThreadPoolExecutor-0_0] Error in transcription process: [Errno 35] Resource temporarily unavailable
Traceback (most recent call last):
  File "/Users/ark/Development/Tools/web-toolkit/src/transcription_manager.py", line 338, in process_transcription
    progress_queue = _global_manager.Queue()
                     ^^^^^^^^^^^^^^^^^^^^^^^
  File "/opt/homebrew/Cellar/python@3.12/3.12.7_1/Frameworks/Python.framework/Versions/3.12/lib/python3.12/multiprocessing/managers.py", line 726, in temp
    token, exp = self._create(typeid, *args, **kwds)
                 ^^^^^^^^^^^^^^^^^^^^^^^^^^^^^^^^^^^
  File "/opt/homebrew/Cellar/python@3.12/3.12.7_1/Frameworks/Python.framework/Versions/3.12/lib/python3.12/multiprocessing/managers.py", line 606, in _create
    conn = self._Client(self._address, authkey=self._authkey)
           ^^^^^^^^^^^^^^^^^^^^^^^^^^^^^^^^^^^^^^^^^^^^^^^^^^
  File "/opt/homebrew/Cellar/python@3.12/3.12.7_1/Frameworks/Python.framework/Versions/3.12/lib/python3.12/multiprocessing/connection.py", line 525, in Client
    answer_challenge(c, authkey)
  File "/opt/homebrew/Cellar/python@3.12/3.12.7_1/Frameworks/Python.framework/Versions/3.12/lib/python3.12/multiprocessing/connection.py", line 953, in answer_challenge
    message = connection.recv_bytes(256)         # reject large message
              ^^^^^^^^^^^^^^^^^^^^^^^^^^
  File "/opt/homebrew/Cellar/python@3.12/3.12.7_1/Frameworks/Python.framework/Versions/3.12/lib/python3.12/multiprocessing/connection.py", line 216, in recv_bytes
    buf = self._recv_bytes(maxlength)
          ^^^^^^^^^^^^^^^^^^^^^^^^^^^
  File "/opt/homebrew/Cellar/python@3.12/3.12.7_1/Frameworks/Python.framework/Versions/3.12/lib/python3.12/multiprocessing/connection.py", line 430, in _recv_bytes
    buf = self._recv(4)
          ^^^^^^^^^^^^^
  File "/opt/homebrew/Cellar/python@3.12/3.12.7_1/Frameworks/Python.framework/Versions/3.12/lib/python3.12/multiprocessing/connection.py", line 395, in _recv
    chunk = read(handle, remaining)
            ^^^^^^^^^^^^^^^^^^^^^^^
BlockingIOError: [Errno 35] Resource temporarily unavailable
[2024-12-22T16:32:59.fZ] INFO [src.socket_handlers.handle_disconnect:29] [Dummy-4] WebSocket disconnected (Client ID: ToDuI-CAZS5AysKCAAAB)
[2024-12-22T16:34:03.fZ] INFO [src.socket_handlers.handle_connect:16] [Dummy-5] WebSocket connected successfully
[2024-12-22T16:34:03.fZ] INFO [src.socket_handlers.handle_connect:17] [Dummy-5] Client ID: -T6TY-dUvm8J0AAfAAAD
[2024-12-22T16:34:03.fZ] INFO [src.socket_handlers.handle_connect:24] [Dummy-5] Sent connection_established event
[2024-12-22T16:35:04.fZ] INFO [src.socket_handlers.handle_disconnect:29] [Dummy-5] WebSocket disconnected (Client ID: -T6TY-dUvm8J0AAfAAAD)
[2024-12-22T16:43:21.fZ] INFO [src.socket_handlers.handle_connect:16] [Dummy-4] WebSocket connected successfully
[2024-12-22T16:43:21.fZ] INFO [src.socket_handlers.handle_connect:17] [Dummy-4] Client ID: rKpZ0vWZV-sO6iPaAAAB
[2024-12-22T16:43:21.fZ] INFO [src.socket_handlers.handle_connect:24] [Dummy-4] Sent connection_established event
[2024-12-22T16:43:21.fZ] ERROR [src.api_routes.start_transcription:73] [Dummy-2] Error starting transcription: 'TranscriptionManager' object has no attribute '_thread_pool'
Traceback (most recent call last):
  File "/Users/ark/Development/Tools/web-toolkit/src/api_routes.py", line 57, in start_transcription
    manager._thread_pool.submit(
    ^^^^^^^^^^^^^^^^^^^^
AttributeError: 'TranscriptionManager' object has no attribute '_thread_pool'
[2024-12-22T16:43:21.fZ] INFO [src.socket_handlers.handle_disconnect:29] [Dummy-4] WebSocket disconnected (Client ID: rKpZ0vWZV-sO6iPaAAAB)
[2024-12-22T16:44:42.fZ] INFO [src.socket_handlers.handle_connect:16] [Dummy-4] WebSocket connected successfully
[2024-12-22T16:44:42.fZ] INFO [src.socket_handlers.handle_connect:17] [Dummy-4] Client ID: hW7GKpHbW2tIFUCYAAAB
[2024-12-22T16:44:42.fZ] INFO [src.socket_handlers.handle_connect:24] [Dummy-4] Sent connection_established event
[2024-12-22T16:44:42.fZ] ERROR [src.api_routes.start_transcription:73] [Dummy-3] Error starting transcription: 'TranscriptionManager' object has no attribute '_thread_pool'
Traceback (most recent call last):
  File "/Users/ark/Development/Tools/web-toolkit/src/api_routes.py", line 57, in start_transcription
    manager._thread_pool.submit(
    ^^^^^^^^^^^^^^^^^^^^
AttributeError: 'TranscriptionManager' object has no attribute '_thread_pool'
[2024-12-22T16:44:42.fZ] INFO [src.socket_handlers.handle_disconnect:29] [Dummy-4] WebSocket disconnected (Client ID: hW7GKpHbW2tIFUCYAAAB)
[2024-12-22T16:45:46.fZ] INFO [src.socket_handlers.handle_connect:16] [Dummy-5] WebSocket connected successfully
[2024-12-22T16:45:46.fZ] INFO [src.socket_handlers.handle_connect:17] [Dummy-5] Client ID: lZlX6xxHn4dMsNVYAAAD
[2024-12-22T16:45:46.fZ] INFO [src.socket_handlers.handle_connect:24] [Dummy-5] Sent connection_established event
[2024-12-22T16:46:13.fZ] INFO [src.socket_handlers.handle_connect:16] [Dummy-2] WebSocket connected successfully
[2024-12-22T16:46:13.fZ] INFO [src.socket_handlers.handle_connect:17] [Dummy-2] Client ID: 2VZeWm1X2l4j5_mAAAAB
[2024-12-22T16:46:13.fZ] INFO [src.socket_handlers.handle_connect:24] [Dummy-2] Sent connection_established event
[2024-12-22T16:46:30.fZ] INFO [src.socket_handlers.handle_disconnect:29] [Dummy-2] WebSocket disconnected (Client ID: 2VZeWm1X2l4j5_mAAAAB)
[2024-12-22T16:46:31.fZ] INFO [src.socket_handlers.handle_connect:16] [Dummy-5] WebSocket connected successfully
[2024-12-22T16:46:31.fZ] INFO [src.socket_handlers.handle_connect:17] [Dummy-5] Client ID: XA_jVnhnYinFhwUgAAAD
[2024-12-22T16:46:31.fZ] INFO [src.socket_handlers.handle_connect:24] [Dummy-5] Sent connection_established event
[2024-12-22T16:47:36.fZ] INFO [src.socket_handlers.handle_disconnect:29] [Dummy-5] WebSocket disconnected (Client ID: XA_jVnhnYinFhwUgAAAD)
[2024-12-22T16:47:41.fZ] INFO [src.socket_handlers.handle_connect:16] [Dummy-7] WebSocket connected successfully
[2024-12-22T16:47:41.fZ] INFO [src.socket_handlers.handle_connect:17] [Dummy-7] Client ID: J7KWLmaaa_5QLYHKAAAF
[2024-12-22T16:47:41.fZ] INFO [src.socket_handlers.handle_connect:24] [Dummy-7] Sent connection_established event
[2024-12-22T16:47:41.fZ] INFO [src.socket_handlers.handle_check_progress:42] [Dummy-8] Received check_progress event for task f643e1c9-fe29-498d-a5d4-1d6e8aa24faa from client J7KWLmaaa_5QLYHKAAAF
[2024-12-22T16:47:41.fZ] ERROR [src.socket_handlers.error_handler:56] [Dummy-8] WebSocket error: 'TranscriptionManager' object has no attribute 'get_progress'
[2024-12-22T16:48:41.fZ] INFO [src.socket_handlers.handle_disconnect:29] [Dummy-7] WebSocket disconnected (Client ID: J7KWLmaaa_5QLYHKAAAF)
[2024-12-22T16:50:26.fZ] INFO [src.socket_handlers.handle_connect:16] [Dummy-4] WebSocket connected successfully
[2024-12-22T16:50:26.fZ] INFO [src.socket_handlers.handle_connect:17] [Dummy-4] Client ID: x6wzVsgibBgAdaO3AAAB
[2024-12-22T16:50:26.fZ] INFO [src.socket_handlers.handle_connect:24] [Dummy-4] Sent connection_established event
[2024-12-22T16:51:32.fZ] INFO [src.socket_handlers.handle_disconnect:29] [Dummy-4] WebSocket disconnected (Client ID: x6wzVsgibBgAdaO3AAAB)
[2024-12-22T16:51:36.fZ] INFO [src.socket_handlers.handle_connect:16] [Dummy-6] WebSocket connected successfully
[2024-12-22T16:51:36.fZ] INFO [src.socket_handlers.handle_connect:17] [Dummy-6] Client ID: db7kebUYV5byGQEcAAAD
[2024-12-22T16:51:36.fZ] INFO [src.socket_handlers.handle_connect:24] [Dummy-6] Sent connection_established event
[2024-12-22T16:51:36.fZ] INFO [src.socket_handlers.handle_check_progress:42] [Dummy-7] Received check_progress event for task 444edc45-1db0-4a3e-acc0-34be7a1c1a26 from client db7kebUYV5byGQEcAAAD
[2024-12-22T16:52:36.fZ] INFO [src.socket_handlers.handle_disconnect:29] [Dummy-6] WebSocket disconnected (Client ID: db7kebUYV5byGQEcAAAD)
[2024-12-22T16:56:39.fZ] INFO [src.socket_handlers.handle_connect:16] [Dummy-3] WebSocket connected successfully
[2024-12-22T16:56:39.fZ] INFO [src.socket_handlers.handle_connect:17] [Dummy-3] Client ID: 5iPWBQE4URZEikXVAAAB
[2024-12-22T16:56:39.fZ] INFO [src.socket_handlers.handle_connect:24] [Dummy-3] Sent connection_established event
[2024-12-22T16:57:44.fZ] INFO [src.socket_handlers.handle_disconnect:29] [Dummy-3] WebSocket disconnected (Client ID: 5iPWBQE4URZEikXVAAAB)
[2024-12-22T16:57:49.fZ] INFO [src.socket_handlers.handle_connect:16] [Dummy-5] WebSocket connected successfully
[2024-12-22T16:57:49.fZ] INFO [src.socket_handlers.handle_connect:17] [Dummy-5] Client ID: t_o7uKbJxMKYJSiZAAAD
[2024-12-22T16:57:49.fZ] INFO [src.socket_handlers.handle_connect:24] [Dummy-5] Sent connection_established event
[2024-12-22T16:57:49.fZ] INFO [src.socket_handlers.handle_check_progress:42] [Dummy-6] Received check_progress event for task 64a21fa6-b9f2-4836-a39a-a06f7d0e2442 from client t_o7uKbJxMKYJSiZAAAD
[2024-12-22T16:58:50.fZ] INFO [src.socket_handlers.handle_disconnect:29] [Dummy-5] WebSocket disconnected (Client ID: t_o7uKbJxMKYJSiZAAAD)
[2024-12-22T17:03:27.fZ] INFO [engineio.server.__init__:99] [MainThread] Server initialized for gevent.
[2024-12-22T17:03:28.fZ] INFO [engineio.server.__init__:99] [MainThread] Server initialized for gevent.
[2024-12-22T17:03:32.fZ] INFO [engineio.server.__init__:99] [MainThread] Server initialized for gevent.
[2024-12-22T17:03:32.fZ] INFO [engineio.server.__init__:99] [MainThread] Server initialized for gevent.
[2024-12-22T17:03:36.fZ] INFO [engineio.server.send:76] [Dummy-3] 0zuMJKsbOOwFrS93AAAA: Sending packet OPEN data {'sid': '0zuMJKsbOOwFrS93AAAA', 'upgrades': [], 'pingTimeout': 60000, 'pingInterval': 25000}
[2024-12-22T17:03:36.fZ] INFO [engineio.server.handle_get_request:88] [Dummy-3] 0zuMJKsbOOwFrS93AAAA: Received request to upgrade to websocket
[2024-12-22T17:03:36.fZ] INFO [engineio.server._websocket_handler:214] [Dummy-3] 0zuMJKsbOOwFrS93AAAA: Upgrade to websocket successful
[2024-12-22T17:03:36.fZ] INFO [engineio.server.receive:39] [Dummy-3] 0zuMJKsbOOwFrS93AAAA: Received packet MESSAGE data 0
[2024-12-22T17:03:36.fZ] INFO [src.socket_handlers.handle_connect:16] [Dummy-3] WebSocket connected successfully
[2024-12-22T17:03:36.fZ] INFO [src.socket_handlers.handle_connect:17] [Dummy-3] Client ID: 6DKorcnXeQ8V3k_aAAAB
[2024-12-22T17:03:36.fZ] INFO [socketio.server.enter_room:284] [Dummy-3] 6DKorcnXeQ8V3k_aAAAB is entering room 6DKorcnXeQ8V3k_aAAAB [/]
[2024-12-22T17:03:36.fZ] INFO [socketio.server.emit:164] [Dummy-3] emitting event "connection_established" to 6DKorcnXeQ8V3k_aAAAB [/]
[2024-12-22T17:03:36.fZ] INFO [engineio.server.send:76] [Dummy-3] 0zuMJKsbOOwFrS93AAAA: Sending packet MESSAGE data 2["connection_established",{"status":"connected"}]
[2024-12-22T17:03:36.fZ] INFO [src.socket_handlers.handle_connect:24] [Dummy-3] Sent connection_established event
[2024-12-22T17:03:36.fZ] INFO [engineio.server.send:76] [Dummy-3] 0zuMJKsbOOwFrS93AAAA: Sending packet MESSAGE data 0{"sid":"6DKorcnXeQ8V3k_aAAAB"}
[2024-12-22T17:03:38.fZ] INFO [socketio.server.emit:164] [ThreadPoolExecutor-0_0] emitting event "transcription_progress" to 6DKorcnXeQ8V3k_aAAAB [/]
[2024-12-22T17:03:38.fZ] INFO [socketio.server.emit:164] [ThreadPoolExecutor-0_0] emitting event "transcription_progress" to 6DKorcnXeQ8V3k_aAAAB [/]
[2024-12-22T17:03:38.fZ] INFO [socketio.server.emit:164] [ThreadPoolExecutor-0_0] emitting event "transcription_progress" to 6DKorcnXeQ8V3k_aAAAB [/]
[2024-12-22T17:03:38.fZ] INFO [socketio.server.emit:164] [ThreadPoolExecutor-0_0] emitting event "transcription_progress" to 6DKorcnXeQ8V3k_aAAAB [/]
[2024-12-22T17:03:38.fZ] INFO [socketio.server.emit:164] [ThreadPoolExecutor-0_0] emitting event "transcription_progress" to 6DKorcnXeQ8V3k_aAAAB [/]
[2024-12-22T17:03:38.fZ] INFO [socketio.server.emit:164] [ThreadPoolExecutor-0_0] emitting event "transcription_progress" to 6DKorcnXeQ8V3k_aAAAB [/]
[2024-12-22T17:03:38.fZ] INFO [socketio.server.emit:164] [ThreadPoolExecutor-0_0] emitting event "transcription_progress" to 6DKorcnXeQ8V3k_aAAAB [/]
[2024-12-22T17:03:38.fZ] INFO [socketio.server.emit:164] [ThreadPoolExecutor-0_0] emitting event "transcription_progress" to 6DKorcnXeQ8V3k_aAAAB [/]
[2024-12-22T17:03:38.fZ] INFO [socketio.server.emit:164] [ThreadPoolExecutor-0_0] emitting event "transcription_progress" to 6DKorcnXeQ8V3k_aAAAB [/]
[2024-12-22T17:03:38.fZ] INFO [socketio.server.emit:164] [ThreadPoolExecutor-0_0] emitting event "transcription_progress" to 6DKorcnXeQ8V3k_aAAAB [/]
[2024-12-22T17:03:38.fZ] INFO [socketio.server.emit:164] [ThreadPoolExecutor-0_0] emitting event "transcription_progress" to 6DKorcnXeQ8V3k_aAAAB [/]
[2024-12-22T17:03:38.fZ] INFO [socketio.server.emit:164] [ThreadPoolExecutor-0_0] emitting event "transcription_progress" to 6DKorcnXeQ8V3k_aAAAB [/]
[2024-12-22T17:03:38.fZ] INFO [socketio.server.emit:164] [ThreadPoolExecutor-0_0] emitting event "transcription_progress" to 6DKorcnXeQ8V3k_aAAAB [/]
[2024-12-22T17:03:40.fZ] INFO [socketio.server.emit:164] [ThreadPoolExecutor-0_0] emitting event "transcription_progress" to 6DKorcnXeQ8V3k_aAAAB [/]
[2024-12-22T17:03:40.fZ] INFO [socketio.server.emit:164] [ThreadPoolExecutor-0_0] emitting event "transcription_progress" to 6DKorcnXeQ8V3k_aAAAB [/]
[2024-12-22T17:04:01.fZ] INFO [engineio.server.send:76] [Dummy-4] 0zuMJKsbOOwFrS93AAAA: Sending packet PING data None
[2024-12-22T17:04:01.fZ] INFO [engineio.server.receive:39] [Dummy-3] 0zuMJKsbOOwFrS93AAAA: Received packet PONG data 
[2024-12-22T17:04:26.fZ] INFO [engineio.server.send:76] [Dummy-5] 0zuMJKsbOOwFrS93AAAA: Sending packet PING data None
[2024-12-22T17:04:26.fZ] INFO [engineio.server.receive:39] [Dummy-3] 0zuMJKsbOOwFrS93AAAA: Received packet PONG data 
[2024-12-22T17:04:35.fZ] INFO [src.socket_handlers.handle_disconnect:29] [Dummy-3] WebSocket disconnected (Client ID: 6DKorcnXeQ8V3k_aAAAB)
[2024-12-22T17:04:43.fZ] INFO [engineio.server.__init__:99] [MainThread] Server initialized for gevent.
[2024-12-22T17:04:43.fZ] INFO [engineio.server.__init__:99] [MainThread] Server initialized for gevent.
[2024-12-22T17:04:47.fZ] INFO [engineio.server.send:76] [Dummy-3] L4DfYkFeUpV1UaY0AAAA: Sending packet OPEN data {'sid': 'L4DfYkFeUpV1UaY0AAAA', 'upgrades': [], 'pingTimeout': 60000, 'pingInterval': 25000}
[2024-12-22T17:04:47.fZ] INFO [engineio.server.handle_get_request:88] [Dummy-3] L4DfYkFeUpV1UaY0AAAA: Received request to upgrade to websocket
[2024-12-22T17:04:47.fZ] INFO [engineio.server._websocket_handler:214] [Dummy-3] L4DfYkFeUpV1UaY0AAAA: Upgrade to websocket successful
[2024-12-22T17:04:47.fZ] INFO [engineio.server.receive:39] [Dummy-3] L4DfYkFeUpV1UaY0AAAA: Received packet MESSAGE data 0
[2024-12-22T17:04:47.fZ] INFO [src.socket_handlers.handle_connect:16] [Dummy-3] WebSocket connected successfully
[2024-12-22T17:04:47.fZ] INFO [src.socket_handlers.handle_connect:17] [Dummy-3] Client ID: O8qMO4_LJBwldyxOAAAB
[2024-12-22T17:04:47.fZ] INFO [socketio.server.enter_room:284] [Dummy-3] O8qMO4_LJBwldyxOAAAB is entering room O8qMO4_LJBwldyxOAAAB [/]
[2024-12-22T17:04:47.fZ] INFO [socketio.server.emit:164] [Dummy-3] emitting event "connection_established" to O8qMO4_LJBwldyxOAAAB [/]
[2024-12-22T17:04:47.fZ] INFO [engineio.server.send:76] [Dummy-3] L4DfYkFeUpV1UaY0AAAA: Sending packet MESSAGE data 2["connection_established",{"status":"connected"}]
[2024-12-22T17:04:47.fZ] INFO [src.socket_handlers.handle_connect:24] [Dummy-3] Sent connection_established event
[2024-12-22T17:04:47.fZ] INFO [engineio.server.send:76] [Dummy-3] L4DfYkFeUpV1UaY0AAAA: Sending packet MESSAGE data 0{"sid":"O8qMO4_LJBwldyxOAAAB"}
[2024-12-22T17:04:49.fZ] INFO [socketio.server.emit:164] [ThreadPoolExecutor-0_0] emitting event "transcription_progress" to O8qMO4_LJBwldyxOAAAB [/]
[2024-12-22T17:04:49.fZ] INFO [socketio.server.emit:164] [ThreadPoolExecutor-0_0] emitting event "transcription_progress" to O8qMO4_LJBwldyxOAAAB [/]
[2024-12-22T17:04:49.fZ] INFO [socketio.server.emit:164] [ThreadPoolExecutor-0_0] emitting event "transcription_progress" to O8qMO4_LJBwldyxOAAAB [/]
[2024-12-22T17:04:49.fZ] INFO [socketio.server.emit:164] [ThreadPoolExecutor-0_0] emitting event "transcription_progress" to O8qMO4_LJBwldyxOAAAB [/]
[2024-12-22T17:04:49.fZ] INFO [socketio.server.emit:164] [ThreadPoolExecutor-0_0] emitting event "transcription_progress" to O8qMO4_LJBwldyxOAAAB [/]
[2024-12-22T17:04:49.fZ] INFO [socketio.server.emit:164] [ThreadPoolExecutor-0_0] emitting event "transcription_progress" to O8qMO4_LJBwldyxOAAAB [/]
[2024-12-22T17:04:49.fZ] INFO [socketio.server.emit:164] [ThreadPoolExecutor-0_0] emitting event "transcription_progress" to O8qMO4_LJBwldyxOAAAB [/]
[2024-12-22T17:04:49.fZ] INFO [socketio.server.emit:164] [ThreadPoolExecutor-0_0] emitting event "transcription_progress" to O8qMO4_LJBwldyxOAAAB [/]
[2024-12-22T17:04:49.fZ] INFO [socketio.server.emit:164] [ThreadPoolExecutor-0_0] emitting event "transcription_progress" to O8qMO4_LJBwldyxOAAAB [/]
[2024-12-22T17:04:49.fZ] INFO [socketio.server.emit:164] [ThreadPoolExecutor-0_0] emitting event "transcription_progress" to O8qMO4_LJBwldyxOAAAB [/]
[2024-12-22T17:04:49.fZ] INFO [socketio.server.emit:164] [ThreadPoolExecutor-0_0] emitting event "transcription_progress" to O8qMO4_LJBwldyxOAAAB [/]
[2024-12-22T17:04:49.fZ] INFO [socketio.server.emit:164] [ThreadPoolExecutor-0_0] emitting event "transcription_progress" to O8qMO4_LJBwldyxOAAAB [/]
[2024-12-22T17:04:49.fZ] INFO [socketio.server.emit:164] [ThreadPoolExecutor-0_0] emitting event "transcription_progress" to O8qMO4_LJBwldyxOAAAB [/]
[2024-12-22T17:04:51.fZ] INFO [socketio.server.emit:164] [ThreadPoolExecutor-0_0] emitting event "transcription_progress" to O8qMO4_LJBwldyxOAAAB [/]
[2024-12-22T17:04:51.fZ] INFO [socketio.server.emit:164] [ThreadPoolExecutor-0_0] emitting event "transcription_progress" to O8qMO4_LJBwldyxOAAAB [/]
[2024-12-22T17:05:12.fZ] INFO [engineio.server.send:76] [Dummy-4] L4DfYkFeUpV1UaY0AAAA: Sending packet PING data None
[2024-12-22T17:05:12.fZ] INFO [engineio.server.receive:39] [Dummy-3] L4DfYkFeUpV1UaY0AAAA: Received packet PONG data 
[2024-12-22T17:05:37.fZ] INFO [engineio.server.send:76] [Dummy-5] L4DfYkFeUpV1UaY0AAAA: Sending packet PING data None
[2024-12-22T17:05:37.fZ] INFO [engineio.server.receive:39] [Dummy-3] L4DfYkFeUpV1UaY0AAAA: Received packet PONG data 
[2024-12-22T17:05:47.fZ] INFO [engineio.server.receive:39] [Dummy-3] L4DfYkFeUpV1UaY0AAAA: Received packet MESSAGE data 1
[2024-12-22T17:05:47.fZ] INFO [src.socket_handlers.handle_disconnect:29] [Dummy-3] WebSocket disconnected (Client ID: O8qMO4_LJBwldyxOAAAB)
[2024-12-22T17:05:52.fZ] INFO [engineio.server.send:76] [Dummy-6] Ov1dJSrZZN-gYUCaAAAC: Sending packet OPEN data {'sid': 'Ov1dJSrZZN-gYUCaAAAC', 'upgrades': [], 'pingTimeout': 60000, 'pingInterval': 25000}
[2024-12-22T17:05:52.fZ] INFO [engineio.server.handle_get_request:88] [Dummy-6] Ov1dJSrZZN-gYUCaAAAC: Received request to upgrade to websocket
[2024-12-22T17:05:52.fZ] INFO [engineio.server._websocket_handler:214] [Dummy-6] Ov1dJSrZZN-gYUCaAAAC: Upgrade to websocket successful
[2024-12-22T17:05:52.fZ] INFO [engineio.server.receive:39] [Dummy-6] Ov1dJSrZZN-gYUCaAAAC: Received packet MESSAGE data 0
[2024-12-22T17:05:52.fZ] INFO [src.socket_handlers.handle_connect:16] [Dummy-6] WebSocket connected successfully
[2024-12-22T17:05:52.fZ] INFO [src.socket_handlers.handle_connect:17] [Dummy-6] Client ID: Ad7OGjPdaH8ge6mvAAAD
[2024-12-22T17:05:52.fZ] INFO [socketio.server.enter_room:284] [Dummy-6] Ad7OGjPdaH8ge6mvAAAD is entering room Ad7OGjPdaH8ge6mvAAAD [/]
[2024-12-22T17:05:52.fZ] INFO [socketio.server.emit:164] [Dummy-6] emitting event "connection_established" to Ad7OGjPdaH8ge6mvAAAD [/]
[2024-12-22T17:05:52.fZ] INFO [engineio.server.send:76] [Dummy-6] Ov1dJSrZZN-gYUCaAAAC: Sending packet MESSAGE data 2["connection_established",{"status":"connected"}]
[2024-12-22T17:05:52.fZ] INFO [src.socket_handlers.handle_connect:24] [Dummy-6] Sent connection_established event
[2024-12-22T17:05:52.fZ] INFO [engineio.server.send:76] [Dummy-6] Ov1dJSrZZN-gYUCaAAAC: Sending packet MESSAGE data 0{"sid":"Ad7OGjPdaH8ge6mvAAAD"}
[2024-12-22T17:06:17.fZ] INFO [engineio.server.send:76] [Dummy-7] Ov1dJSrZZN-gYUCaAAAC: Sending packet PING data None
[2024-12-22T17:06:17.fZ] INFO [engineio.server.receive:39] [Dummy-6] Ov1dJSrZZN-gYUCaAAAC: Received packet PONG data 
[2024-12-22T17:06:42.fZ] INFO [engineio.server.send:76] [Dummy-8] Ov1dJSrZZN-gYUCaAAAC: Sending packet PING data None
[2024-12-22T17:06:42.fZ] INFO [engineio.server.receive:39] [Dummy-6] Ov1dJSrZZN-gYUCaAAAC: Received packet PONG data 
[2024-12-22T17:06:52.fZ] INFO [engineio.server.receive:39] [Dummy-6] Ov1dJSrZZN-gYUCaAAAC: Received packet MESSAGE data 1
[2024-12-22T17:06:52.fZ] INFO [src.socket_handlers.handle_disconnect:29] [Dummy-6] WebSocket disconnected (Client ID: Ad7OGjPdaH8ge6mvAAAD)
[2024-12-22T17:07:29.fZ] INFO [socketio.server.emit:164] [ThreadPoolExecutor-0_0] emitting event "transcription_progress" to O8qMO4_LJBwldyxOAAAB [/]
[2024-12-22T17:07:29.fZ] INFO [socketio.server.emit:164] [ThreadPoolExecutor-0_0] emitting event "transcription_progress" to O8qMO4_LJBwldyxOAAAB [/]
[2024-12-22T17:09:01.fZ] INFO [engineio.server.__init__:99] [MainThread] Server initialized for gevent.
[2024-12-22T17:09:01.fZ] INFO [engineio.server.__init__:99] [MainThread] Server initialized for gevent.
[2024-12-22T17:09:08.fZ] INFO [engineio.server.send:76] [Dummy-3] xB8uYXrKjXu1imdnAAAA: Sending packet OPEN data {'sid': 'xB8uYXrKjXu1imdnAAAA', 'upgrades': [], 'pingTimeout': 60000, 'pingInterval': 25000}
[2024-12-22T17:09:08.fZ] INFO [engineio.server.handle_get_request:88] [Dummy-3] xB8uYXrKjXu1imdnAAAA: Received request to upgrade to websocket
[2024-12-22T17:09:08.fZ] INFO [engineio.server._websocket_handler:214] [Dummy-3] xB8uYXrKjXu1imdnAAAA: Upgrade to websocket successful
[2024-12-22T17:09:08.fZ] INFO [engineio.server.receive:39] [Dummy-3] xB8uYXrKjXu1imdnAAAA: Received packet MESSAGE data 0
[2024-12-22T17:09:08.fZ] INFO [src.socket_handlers.handle_connect:16] [Dummy-3] WebSocket connected successfully
[2024-12-22T17:09:08.fZ] INFO [src.socket_handlers.handle_connect:17] [Dummy-3] Client ID: qigWugGN1Rmob5BiAAAB
[2024-12-22T17:09:08.fZ] INFO [socketio.server.enter_room:284] [Dummy-3] qigWugGN1Rmob5BiAAAB is entering room qigWugGN1Rmob5BiAAAB [/]
[2024-12-22T17:09:08.fZ] INFO [socketio.server.emit:164] [Dummy-3] emitting event "connection_established" to qigWugGN1Rmob5BiAAAB [/]
[2024-12-22T17:09:08.fZ] INFO [engineio.server.send:76] [Dummy-3] xB8uYXrKjXu1imdnAAAA: Sending packet MESSAGE data 2["connection_established",{"status":"connected"}]
[2024-12-22T17:09:08.fZ] INFO [src.socket_handlers.handle_connect:24] [Dummy-3] Sent connection_established event
[2024-12-22T17:09:08.fZ] INFO [engineio.server.send:76] [Dummy-3] xB8uYXrKjXu1imdnAAAA: Sending packet MESSAGE data 0{"sid":"qigWugGN1Rmob5BiAAAB"}
[2024-12-22T17:09:10.fZ] INFO [socketio.server.emit:164] [ThreadPoolExecutor-0_0] emitting event "transcription_progress" to qigWugGN1Rmob5BiAAAB [/]
[2024-12-22T17:09:10.fZ] INFO [engineio.server.send:76] [ThreadPoolExecutor-0_0] xB8uYXrKjXu1imdnAAAA: Sending packet MESSAGE data 2["transcription_progress",{"task_id":"d9e95135-57dc-48f6-9fec-942f7ba5e9a0","progress":0.006893210658716736,"message":"Downloading audio...","download_speed":null,"eta":null}]
[2024-12-22T17:09:10.fZ] INFO [socketio.server.emit:164] [ThreadPoolExecutor-0_0] emitting event "transcription_progress" to qigWugGN1Rmob5BiAAAB [/]
[2024-12-22T17:09:10.fZ] INFO [engineio.server.send:76] [ThreadPoolExecutor-0_0] xB8uYXrKjXu1imdnAAAA: Sending packet MESSAGE data 2["transcription_progress",{"task_id":"d9e95135-57dc-48f6-9fec-942f7ba5e9a0","progress":0.02067963197615021,"message":"Downloading audio...","download_speed":"1.5 MB/s","eta":"2s"}]
[2024-12-22T17:09:10.fZ] INFO [socketio.server.emit:164] [ThreadPoolExecutor-0_0] emitting event "transcription_progress" to qigWugGN1Rmob5BiAAAB [/]
[2024-12-22T17:09:10.fZ] INFO [engineio.server.send:76] [ThreadPoolExecutor-0_0] xB8uYXrKjXu1imdnAAAA: Sending packet MESSAGE data 2["transcription_progress",{"task_id":"d9e95135-57dc-48f6-9fec-942f7ba5e9a0","progress":0.04825247461101716,"message":"Downloading audio...","download_speed":"2.0 MB/s","eta":"2s"}]
[2024-12-22T17:09:10.fZ] INFO [socketio.server.emit:164] [ThreadPoolExecutor-0_0] emitting event "transcription_progress" to qigWugGN1Rmob5BiAAAB [/]
[2024-12-22T17:09:10.fZ] INFO [engineio.server.send:76] [ThreadPoolExecutor-0_0] xB8uYXrKjXu1imdnAAAA: Sending packet MESSAGE data 2["transcription_progress",{"task_id":"d9e95135-57dc-48f6-9fec-942f7ba5e9a0","progress":0.10339815988075104,"message":"Downloading audio...","download_speed":"3.0 MB/s","eta":"1s"}]
[2024-12-22T17:09:10.fZ] INFO [socketio.server.emit:164] [ThreadPoolExecutor-0_0] emitting event "transcription_progress" to qigWugGN1Rmob5BiAAAB [/]
[2024-12-22T17:09:10.fZ] INFO [engineio.server.send:76] [ThreadPoolExecutor-0_0] xB8uYXrKjXu1imdnAAAA: Sending packet MESSAGE data 2["transcription_progress",{"task_id":"d9e95135-57dc-48f6-9fec-942f7ba5e9a0","progress":0.21368953042021882,"message":"Downloading audio...","download_speed":"4.1 MB/s","eta":"1s"}]
[2024-12-22T17:09:10.fZ] INFO [socketio.server.emit:164] [ThreadPoolExecutor-0_0] emitting event "transcription_progress" to qigWugGN1Rmob5BiAAAB [/]
[2024-12-22T17:09:10.fZ] INFO [engineio.server.send:76] [ThreadPoolExecutor-0_0] xB8uYXrKjXu1imdnAAAA: Sending packet MESSAGE data 2["transcription_progress",{"task_id":"d9e95135-57dc-48f6-9fec-942f7ba5e9a0","progress":0.43427227149915437,"message":"Downloading audio...","download_speed":"4.8 MB/s","eta":null}]
[2024-12-22T17:09:10.fZ] INFO [socketio.server.emit:164] [ThreadPoolExecutor-0_0] emitting event "transcription_progress" to qigWugGN1Rmob5BiAAAB [/]
[2024-12-22T17:09:10.fZ] INFO [engineio.server.send:76] [ThreadPoolExecutor-0_0] xB8uYXrKjXu1imdnAAAA: Sending packet MESSAGE data 2["transcription_progress",{"task_id":"d9e95135-57dc-48f6-9fec-942f7ba5e9a0","progress":0.8754377536570256,"message":"Downloading audio...","download_speed":"6.3 MB/s","eta":null}]
[2024-12-22T17:09:10.fZ] INFO [socketio.server.emit:164] [ThreadPoolExecutor-0_0] emitting event "transcription_progress" to qigWugGN1Rmob5BiAAAB [/]
[2024-12-22T17:09:10.fZ] INFO [engineio.server.send:76] [ThreadPoolExecutor-0_0] xB8uYXrKjXu1imdnAAAA: Sending packet MESSAGE data 2["transcription_progress",{"task_id":"d9e95135-57dc-48f6-9fec-942f7ba5e9a0","progress":1.7577687179727677,"message":"Downloading audio...","download_speed":"8.4 MB/s","eta":null}]
[2024-12-22T17:09:10.fZ] INFO [socketio.server.emit:164] [ThreadPoolExecutor-0_0] emitting event "transcription_progress" to qigWugGN1Rmob5BiAAAB [/]
[2024-12-22T17:09:10.fZ] INFO [engineio.server.send:76] [ThreadPoolExecutor-0_0] xB8uYXrKjXu1imdnAAAA: Sending packet MESSAGE data 2["transcription_progress",{"task_id":"d9e95135-57dc-48f6-9fec-942f7ba5e9a0","progress":3.5224306466042523,"message":"Downloading audio...","download_speed":"11.6 MB/s","eta":null}]
[2024-12-22T17:09:10.fZ] INFO [socketio.server.emit:164] [ThreadPoolExecutor-0_0] emitting event "transcription_progress" to qigWugGN1Rmob5BiAAAB [/]
[2024-12-22T17:09:10.fZ] INFO [engineio.server.send:76] [ThreadPoolExecutor-0_0] xB8uYXrKjXu1imdnAAAA: Sending packet MESSAGE data 2["transcription_progress",{"task_id":"d9e95135-57dc-48f6-9fec-942f7ba5e9a0","progress":7.051754503867221,"message":"Downloading audio...","download_speed":"17.8 MB/s","eta":null}]
[2024-12-22T17:09:10.fZ] INFO [socketio.server.emit:164] [ThreadPoolExecutor-0_0] emitting event "transcription_progress" to qigWugGN1Rmob5BiAAAB [/]
[2024-12-22T17:09:10.fZ] INFO [engineio.server.send:76] [ThreadPoolExecutor-0_0] xB8uYXrKjXu1imdnAAAA: Sending packet MESSAGE data 2["transcription_progress",{"task_id":"d9e95135-57dc-48f6-9fec-942f7ba5e9a0","progress":14.11040221839316,"message":"Downloading audio...","download_speed":"27.6 MB/s","eta":null}]
[2024-12-22T17:09:10.fZ] INFO [socketio.server.emit:164] [ThreadPoolExecutor-0_0] emitting event "transcription_progress" to qigWugGN1Rmob5BiAAAB [/]
[2024-12-22T17:09:10.fZ] INFO [engineio.server.send:76] [ThreadPoolExecutor-0_0] xB8uYXrKjXu1imdnAAAA: Sending packet MESSAGE data 2["transcription_progress",{"task_id":"d9e95135-57dc-48f6-9fec-942f7ba5e9a0","progress":28.227697647445034,"message":"Downloading audio...","download_speed":"39.4 MB/s","eta":null}]
[2024-12-22T17:09:10.fZ] INFO [socketio.server.emit:164] [ThreadPoolExecutor-0_0] emitting event "transcription_progress" to qigWugGN1Rmob5BiAAAB [/]
[2024-12-22T17:09:10.fZ] INFO [engineio.server.send:76] [ThreadPoolExecutor-0_0] xB8uYXrKjXu1imdnAAAA: Sending packet MESSAGE data 2["transcription_progress",{"task_id":"d9e95135-57dc-48f6-9fec-942f7ba5e9a0","progress":30.0,"message":"Downloading audio...","download_speed":"40.4 MB/s","eta":null}]
[2024-12-22T17:09:13.fZ] INFO [socketio.server.emit:164] [ThreadPoolExecutor-0_0] emitting event "transcription_progress" to qigWugGN1Rmob5BiAAAB [/]
[2024-12-22T17:09:13.fZ] INFO [engineio.server.send:76] [ThreadPoolExecutor-0_0] xB8uYXrKjXu1imdnAAAA: Sending packet MESSAGE data 2["transcription_progress",{"task_id":"d9e95135-57dc-48f6-9fec-942f7ba5e9a0","progress":30.0,"message":"Downloading audio...","download_speed":null,"eta":null}]
[2024-12-22T17:09:13.fZ] INFO [socketio.server.emit:164] [ThreadPoolExecutor-0_0] emitting event "transcription_progress" to qigWugGN1Rmob5BiAAAB [/]
[2024-12-22T17:09:13.fZ] INFO [engineio.server.send:76] [ThreadPoolExecutor-0_0] xB8uYXrKjXu1imdnAAAA: Sending packet MESSAGE data 2["transcription_progress",{"task_id":"d9e95135-57dc-48f6-9fec-942f7ba5e9a0","progress":30,"message":"Starting transcription..."}]
[2024-12-22T17:09:33.fZ] INFO [engineio.server.send:76] [Dummy-5] xB8uYXrKjXu1imdnAAAA: Sending packet PING data None
[2024-12-22T17:09:33.fZ] INFO [engineio.server.receive:39] [Dummy-3] xB8uYXrKjXu1imdnAAAA: Received packet PONG data 
[2024-12-22T17:09:58.fZ] INFO [engineio.server.send:76] [Dummy-6] xB8uYXrKjXu1imdnAAAA: Sending packet PING data None
[2024-12-22T17:09:58.fZ] INFO [engineio.server.receive:39] [Dummy-3] xB8uYXrKjXu1imdnAAAA: Received packet PONG data 
[2024-12-22T17:10:13.fZ] INFO [engineio.server.receive:39] [Dummy-3] xB8uYXrKjXu1imdnAAAA: Received packet MESSAGE data 1
[2024-12-22T17:10:13.fZ] INFO [src.socket_handlers.handle_disconnect:29] [Dummy-3] WebSocket disconnected (Client ID: qigWugGN1Rmob5BiAAAB)
[2024-12-22T17:10:18.fZ] INFO [engineio.server.send:76] [Dummy-7] UF4PBJpIMnE3VvOqAAAC: Sending packet OPEN data {'sid': 'UF4PBJpIMnE3VvOqAAAC', 'upgrades': [], 'pingTimeout': 60000, 'pingInterval': 25000}
[2024-12-22T17:10:18.fZ] INFO [engineio.server.handle_get_request:88] [Dummy-7] UF4PBJpIMnE3VvOqAAAC: Received request to upgrade to websocket
[2024-12-22T17:10:18.fZ] INFO [engineio.server._websocket_handler:214] [Dummy-7] UF4PBJpIMnE3VvOqAAAC: Upgrade to websocket successful
[2024-12-22T17:10:18.fZ] INFO [engineio.server.receive:39] [Dummy-7] UF4PBJpIMnE3VvOqAAAC: Received packet MESSAGE data 0
[2024-12-22T17:10:18.fZ] INFO [src.socket_handlers.handle_connect:16] [Dummy-7] WebSocket connected successfully
[2024-12-22T17:10:18.fZ] INFO [src.socket_handlers.handle_connect:17] [Dummy-7] Client ID: Gb5lgz2GorlaHuwcAAAD
[2024-12-22T17:10:18.fZ] INFO [socketio.server.enter_room:284] [Dummy-7] Gb5lgz2GorlaHuwcAAAD is entering room Gb5lgz2GorlaHuwcAAAD [/]
[2024-12-22T17:10:18.fZ] INFO [socketio.server.emit:164] [Dummy-7] emitting event "connection_established" to Gb5lgz2GorlaHuwcAAAD [/]
[2024-12-22T17:10:18.fZ] INFO [engineio.server.send:76] [Dummy-7] UF4PBJpIMnE3VvOqAAAC: Sending packet MESSAGE data 2["connection_established",{"status":"connected"}]
[2024-12-22T17:10:18.fZ] INFO [src.socket_handlers.handle_connect:24] [Dummy-7] Sent connection_established event
[2024-12-22T17:10:18.fZ] INFO [engineio.server.send:76] [Dummy-7] UF4PBJpIMnE3VvOqAAAC: Sending packet MESSAGE data 0{"sid":"Gb5lgz2GorlaHuwcAAAD"}
[2024-12-22T17:10:18.fZ] INFO [engineio.server.receive:39] [Dummy-7] UF4PBJpIMnE3VvOqAAAC: Received packet MESSAGE data 20["check_progress",{"task_id":"d9e95135-57dc-48f6-9fec-942f7ba5e9a0"}]
[2024-12-22T17:10:18.fZ] INFO [socketio.server._handle_event:574] [Dummy-7] received event "check_progress" from Gb5lgz2GorlaHuwcAAAD [/]
[2024-12-22T17:10:18.fZ] INFO [src.socket_handlers.handle_check_progress:42] [Dummy-8] Received check_progress event for task d9e95135-57dc-48f6-9fec-942f7ba5e9a0 from client Gb5lgz2GorlaHuwcAAAD
[2024-12-22T17:10:18.fZ] INFO [socketio.server.emit:164] [Dummy-8] emitting event "transcription_progress" to Gb5lgz2GorlaHuwcAAAD [/]
[2024-12-22T17:10:18.fZ] INFO [engineio.server.send:76] [Dummy-8] UF4PBJpIMnE3VvOqAAAC: Sending packet MESSAGE data 2["transcription_progress",{"progress":30,"message":"Starting transcription..."}]
[2024-12-22T17:10:18.fZ] INFO [engineio.server.send:76] [Dummy-8] UF4PBJpIMnE3VvOqAAAC: Sending packet MESSAGE data 30[]
[2024-12-22T17:10:43.fZ] INFO [engineio.server.send:76] [Dummy-9] UF4PBJpIMnE3VvOqAAAC: Sending packet PING data None
[2024-12-22T17:10:43.fZ] INFO [engineio.server.receive:39] [Dummy-7] UF4PBJpIMnE3VvOqAAAC: Received packet PONG data 
[2024-12-22T17:10:59.fZ] INFO [socketio.server.emit:164] [ThreadPoolExecutor-0_0] emitting event "transcription_progress" to qigWugGN1Rmob5BiAAAB [/]
[2024-12-22T17:10:59.fZ] INFO [socketio.server.emit:164] [ThreadPoolExecutor-0_0] emitting event "transcription_progress" to qigWugGN1Rmob5BiAAAB [/]
[2024-12-22T17:11:08.fZ] INFO [engineio.server.send:76] [Dummy-10] UF4PBJpIMnE3VvOqAAAC: Sending packet PING data None
[2024-12-22T17:11:08.fZ] INFO [engineio.server.receive:39] [Dummy-7] UF4PBJpIMnE3VvOqAAAC: Received packet PONG data 
[2024-12-22T17:11:18.fZ] INFO [engineio.server.receive:39] [Dummy-7] UF4PBJpIMnE3VvOqAAAC: Received packet MESSAGE data 1
[2024-12-22T17:11:18.fZ] INFO [src.socket_handlers.handle_disconnect:29] [Dummy-7] WebSocket disconnected (Client ID: Gb5lgz2GorlaHuwcAAAD)
[2024-12-22T17:22:03.fZ] INFO [engineio.server.__init__:99] [MainThread] Server initialized for gevent.
[2024-12-22T17:22:03.fZ] INFO [engineio.server.__init__:99] [MainThread] Server initialized for gevent.
[2024-12-22T17:22:07.fZ] INFO [engineio.server.send:76] [Dummy-3] jYx_NpjbfSwZfG4_AAAA: Sending packet OPEN data {'sid': 'jYx_NpjbfSwZfG4_AAAA', 'upgrades': [], 'pingTimeout': 60000, 'pingInterval': 25000}
[2024-12-22T17:22:07.fZ] INFO [engineio.server.handle_get_request:88] [Dummy-3] jYx_NpjbfSwZfG4_AAAA: Received request to upgrade to websocket
[2024-12-22T17:22:07.fZ] INFO [engineio.server._websocket_handler:214] [Dummy-3] jYx_NpjbfSwZfG4_AAAA: Upgrade to websocket successful
[2024-12-22T17:22:07.fZ] INFO [engineio.server.receive:39] [Dummy-3] jYx_NpjbfSwZfG4_AAAA: Received packet MESSAGE data 0
[2024-12-22T17:22:07.fZ] INFO [src.socket_handlers.handle_connect:16] [Dummy-3] WebSocket connected successfully
[2024-12-22T17:22:07.fZ] INFO [src.socket_handlers.handle_connect:17] [Dummy-3] Client ID: hxKzqA2dYzZP3C0-AAAB
[2024-12-22T17:22:07.fZ] INFO [socketio.server.enter_room:284] [Dummy-3] hxKzqA2dYzZP3C0-AAAB is entering room hxKzqA2dYzZP3C0-AAAB [/]
[2024-12-22T17:22:07.fZ] INFO [socketio.server.emit:164] [Dummy-3] emitting event "connection_established" to hxKzqA2dYzZP3C0-AAAB [/]
[2024-12-22T17:22:07.fZ] INFO [engineio.server.send:76] [Dummy-3] jYx_NpjbfSwZfG4_AAAA: Sending packet MESSAGE data 2["connection_established",{"status":"connected"}]
[2024-12-22T17:22:07.fZ] INFO [src.socket_handlers.handle_connect:24] [Dummy-3] Sent connection_established event
[2024-12-22T17:22:07.fZ] INFO [engineio.server.send:76] [Dummy-3] jYx_NpjbfSwZfG4_AAAA: Sending packet MESSAGE data 0{"sid":"hxKzqA2dYzZP3C0-AAAB"}
[2024-12-22T17:22:09.fZ] INFO [socketio.server.emit:164] [ThreadPoolExecutor-0_0] emitting event "transcription_progress" to hxKzqA2dYzZP3C0-AAAB [/]
[2024-12-22T17:22:09.fZ] INFO [engineio.server.send:76] [ThreadPoolExecutor-0_0] jYx_NpjbfSwZfG4_AAAA: Sending packet MESSAGE data 2["transcription_progress",{"task_id":"e3fa1716-4311-4178-954b-9d1f95dfaad0","progress":0.006893210658716736,"message":"Downloading audio...","download_speed":null,"eta":null}]
[2024-12-22T17:22:09.fZ] INFO [socketio.server.emit:164] [ThreadPoolExecutor-0_0] emitting event "transcription_progress" to hxKzqA2dYzZP3C0-AAAB [/]
[2024-12-22T17:22:09.fZ] INFO [engineio.server.send:76] [ThreadPoolExecutor-0_0] jYx_NpjbfSwZfG4_AAAA: Sending packet MESSAGE data 2["transcription_progress",{"task_id":"e3fa1716-4311-4178-954b-9d1f95dfaad0","progress":0.02067963197615021,"message":"Downloading audio...","download_speed":"1.4 MB/s","eta":"3s"}]
[2024-12-22T17:22:09.fZ] INFO [socketio.server.emit:164] [ThreadPoolExecutor-0_0] emitting event "transcription_progress" to hxKzqA2dYzZP3C0-AAAB [/]
[2024-12-22T17:22:09.fZ] INFO [engineio.server.send:76] [ThreadPoolExecutor-0_0] jYx_NpjbfSwZfG4_AAAA: Sending packet MESSAGE data 2["transcription_progress",{"task_id":"e3fa1716-4311-4178-954b-9d1f95dfaad0","progress":0.04825247461101716,"message":"Downloading audio...","download_speed":"1.8 MB/s","eta":"2s"}]
[2024-12-22T17:22:09.fZ] INFO [socketio.server.emit:164] [ThreadPoolExecutor-0_0] emitting event "transcription_progress" to hxKzqA2dYzZP3C0-AAAB [/]
[2024-12-22T17:22:09.fZ] INFO [engineio.server.send:76] [ThreadPoolExecutor-0_0] jYx_NpjbfSwZfG4_AAAA: Sending packet MESSAGE data 2["transcription_progress",{"task_id":"e3fa1716-4311-4178-954b-9d1f95dfaad0","progress":0.10339815988075104,"message":"Downloading audio...","download_speed":"2.7 MB/s","eta":"1s"}]
[2024-12-22T17:22:09.fZ] INFO [socketio.server.emit:164] [ThreadPoolExecutor-0_0] emitting event "transcription_progress" to hxKzqA2dYzZP3C0-AAAB [/]
[2024-12-22T17:22:09.fZ] INFO [engineio.server.send:76] [ThreadPoolExecutor-0_0] jYx_NpjbfSwZfG4_AAAA: Sending packet MESSAGE data 2["transcription_progress",{"task_id":"e3fa1716-4311-4178-954b-9d1f95dfaad0","progress":0.21368953042021882,"message":"Downloading audio...","download_speed":"2.8 MB/s","eta":"1s"}]
[2024-12-22T17:22:09.fZ] INFO [socketio.server.emit:164] [ThreadPoolExecutor-0_0] emitting event "transcription_progress" to hxKzqA2dYzZP3C0-AAAB [/]
[2024-12-22T17:22:09.fZ] INFO [engineio.server.send:76] [ThreadPoolExecutor-0_0] jYx_NpjbfSwZfG4_AAAA: Sending packet MESSAGE data 2["transcription_progress",{"task_id":"e3fa1716-4311-4178-954b-9d1f95dfaad0","progress":0.43427227149915437,"message":"Downloading audio...","download_speed":"4.7 MB/s","eta":null}]
[2024-12-22T17:22:09.fZ] INFO [socketio.server.emit:164] [ThreadPoolExecutor-0_0] emitting event "transcription_progress" to hxKzqA2dYzZP3C0-AAAB [/]
[2024-12-22T17:22:09.fZ] INFO [engineio.server.send:76] [ThreadPoolExecutor-0_0] jYx_NpjbfSwZfG4_AAAA: Sending packet MESSAGE data 2["transcription_progress",{"task_id":"e3fa1716-4311-4178-954b-9d1f95dfaad0","progress":0.8754377536570256,"message":"Downloading audio...","download_speed":"5.2 MB/s","eta":null}]
[2024-12-22T17:22:09.fZ] INFO [socketio.server.emit:164] [ThreadPoolExecutor-0_0] emitting event "transcription_progress" to hxKzqA2dYzZP3C0-AAAB [/]
[2024-12-22T17:22:09.fZ] INFO [engineio.server.send:76] [ThreadPoolExecutor-0_0] jYx_NpjbfSwZfG4_AAAA: Sending packet MESSAGE data 2["transcription_progress",{"task_id":"e3fa1716-4311-4178-954b-9d1f95dfaad0","progress":1.7577687179727677,"message":"Downloading audio...","download_speed":"6.4 MB/s","eta":null}]
[2024-12-22T17:22:09.fZ] INFO [socketio.server.emit:164] [ThreadPoolExecutor-0_0] emitting event "transcription_progress" to hxKzqA2dYzZP3C0-AAAB [/]
[2024-12-22T17:22:09.fZ] INFO [engineio.server.send:76] [ThreadPoolExecutor-0_0] jYx_NpjbfSwZfG4_AAAA: Sending packet MESSAGE data 2["transcription_progress",{"task_id":"e3fa1716-4311-4178-954b-9d1f95dfaad0","progress":3.5224306466042523,"message":"Downloading audio...","download_speed":"10.1 MB/s","eta":null}]
[2024-12-22T17:22:09.fZ] INFO [socketio.server.emit:164] [ThreadPoolExecutor-0_0] emitting event "transcription_progress" to hxKzqA2dYzZP3C0-AAAB [/]
[2024-12-22T17:22:09.fZ] INFO [engineio.server.send:76] [ThreadPoolExecutor-0_0] jYx_NpjbfSwZfG4_AAAA: Sending packet MESSAGE data 2["transcription_progress",{"task_id":"e3fa1716-4311-4178-954b-9d1f95dfaad0","progress":7.051754503867221,"message":"Downloading audio...","download_speed":"14.7 MB/s","eta":null}]
[2024-12-22T17:22:09.fZ] INFO [socketio.server.emit:164] [ThreadPoolExecutor-0_0] emitting event "transcription_progress" to hxKzqA2dYzZP3C0-AAAB [/]
[2024-12-22T17:22:09.fZ] INFO [engineio.server.send:76] [ThreadPoolExecutor-0_0] jYx_NpjbfSwZfG4_AAAA: Sending packet MESSAGE data 2["transcription_progress",{"task_id":"e3fa1716-4311-4178-954b-9d1f95dfaad0","progress":14.11040221839316,"message":"Downloading audio...","download_speed":"21.8 MB/s","eta":null}]
[2024-12-22T17:22:09.fZ] INFO [socketio.server.emit:164] [ThreadPoolExecutor-0_0] emitting event "transcription_progress" to hxKzqA2dYzZP3C0-AAAB [/]
[2024-12-22T17:22:09.fZ] INFO [engineio.server.send:76] [ThreadPoolExecutor-0_0] jYx_NpjbfSwZfG4_AAAA: Sending packet MESSAGE data 2["transcription_progress",{"task_id":"e3fa1716-4311-4178-954b-9d1f95dfaad0","progress":28.227697647445034,"message":"Downloading audio...","download_speed":"26.8 MB/s","eta":null}]
[2024-12-22T17:22:09.fZ] INFO [socketio.server.emit:164] [ThreadPoolExecutor-0_0] emitting event "transcription_progress" to hxKzqA2dYzZP3C0-AAAB [/]
[2024-12-22T17:22:09.fZ] INFO [engineio.server.send:76] [ThreadPoolExecutor-0_0] jYx_NpjbfSwZfG4_AAAA: Sending packet MESSAGE data 2["transcription_progress",{"task_id":"e3fa1716-4311-4178-954b-9d1f95dfaad0","progress":30.0,"message":"Downloading audio...","download_speed":"22.4 MB/s","eta":null}]
[2024-12-22T17:22:12.fZ] INFO [socketio.server.emit:164] [ThreadPoolExecutor-0_0] emitting event "transcription_progress" to hxKzqA2dYzZP3C0-AAAB [/]
[2024-12-22T17:22:12.fZ] INFO [engineio.server.send:76] [ThreadPoolExecutor-0_0] jYx_NpjbfSwZfG4_AAAA: Sending packet MESSAGE data 2["transcription_progress",{"task_id":"e3fa1716-4311-4178-954b-9d1f95dfaad0","progress":30.0,"message":"Downloading audio...","download_speed":null,"eta":null}]
[2024-12-22T17:22:12.fZ] INFO [socketio.server.emit:164] [ThreadPoolExecutor-0_0] emitting event "transcription_progress" to hxKzqA2dYzZP3C0-AAAB [/]
[2024-12-22T17:22:12.fZ] INFO [engineio.server.send:76] [ThreadPoolExecutor-0_0] jYx_NpjbfSwZfG4_AAAA: Sending packet MESSAGE data 2["transcription_progress",{"task_id":"e3fa1716-4311-4178-954b-9d1f95dfaad0","progress":30,"message":"Starting transcription..."}]
[2024-12-22T17:22:32.fZ] INFO [engineio.server.send:76] [Dummy-5] jYx_NpjbfSwZfG4_AAAA: Sending packet PING data None
[2024-12-22T17:22:32.fZ] INFO [engineio.server.receive:39] [Dummy-3] jYx_NpjbfSwZfG4_AAAA: Received packet PONG data 
[2024-12-22T17:22:57.fZ] INFO [engineio.server.send:76] [Dummy-6] jYx_NpjbfSwZfG4_AAAA: Sending packet PING data None
[2024-12-22T17:22:57.fZ] INFO [engineio.server.receive:39] [Dummy-3] jYx_NpjbfSwZfG4_AAAA: Received packet PONG data 
[2024-12-22T17:23:12.fZ] INFO [engineio.server.receive:39] [Dummy-3] jYx_NpjbfSwZfG4_AAAA: Received packet MESSAGE data 1
[2024-12-22T17:23:12.fZ] INFO [src.socket_handlers.handle_disconnect:29] [Dummy-3] WebSocket disconnected (Client ID: hxKzqA2dYzZP3C0-AAAB)
[2024-12-22T17:23:16.fZ] INFO [engineio.server.send:76] [Dummy-3] 8ZDw_FxECJtOCwnBAAAA: Sending packet OPEN data {'sid': '8ZDw_FxECJtOCwnBAAAA', 'upgrades': [], 'pingTimeout': 60000, 'pingInterval': 25000}
[2024-12-22T17:23:16.fZ] INFO [engineio.server.handle_get_request:88] [Dummy-3] 8ZDw_FxECJtOCwnBAAAA: Received request to upgrade to websocket
[2024-12-22T17:23:16.fZ] INFO [engineio.server._websocket_handler:214] [Dummy-3] 8ZDw_FxECJtOCwnBAAAA: Upgrade to websocket successful
[2024-12-22T17:23:16.fZ] INFO [engineio.server.receive:39] [Dummy-3] 8ZDw_FxECJtOCwnBAAAA: Received packet MESSAGE data 0
[2024-12-22T17:23:16.fZ] INFO [src.socket_handlers.handle_connect:16] [Dummy-3] WebSocket connected successfully
[2024-12-22T17:23:16.fZ] INFO [src.socket_handlers.handle_connect:17] [Dummy-3] Client ID: 4IprXAkXx6TiBlOsAAAB
[2024-12-22T17:23:16.fZ] INFO [socketio.server.enter_room:284] [Dummy-3] 4IprXAkXx6TiBlOsAAAB is entering room 4IprXAkXx6TiBlOsAAAB [/]
[2024-12-22T17:23:16.fZ] INFO [socketio.server.emit:164] [Dummy-3] emitting event "connection_established" to 4IprXAkXx6TiBlOsAAAB [/]
[2024-12-22T17:23:16.fZ] INFO [engineio.server.send:76] [Dummy-3] 8ZDw_FxECJtOCwnBAAAA: Sending packet MESSAGE data 2["connection_established",{"status":"connected"}]
[2024-12-22T17:23:16.fZ] INFO [src.socket_handlers.handle_connect:24] [Dummy-3] Sent connection_established event
[2024-12-22T17:23:16.fZ] INFO [engineio.server.send:76] [Dummy-3] 8ZDw_FxECJtOCwnBAAAA: Sending packet MESSAGE data 0{"sid":"4IprXAkXx6TiBlOsAAAB"}
[2024-12-22T17:23:16.fZ] INFO [engineio.server.receive:39] [Dummy-3] 8ZDw_FxECJtOCwnBAAAA: Received packet MESSAGE data 20["check_progress",{"task_id":"e3fa1716-4311-4178-954b-9d1f95dfaad0"}]
[2024-12-22T17:23:16.fZ] INFO [socketio.server._handle_event:574] [Dummy-3] received event "check_progress" from 4IprXAkXx6TiBlOsAAAB [/]
[2024-12-22T17:23:16.fZ] INFO [src.socket_handlers.handle_check_progress:42] [Dummy-4] Received check_progress event for task e3fa1716-4311-4178-954b-9d1f95dfaad0 from client 4IprXAkXx6TiBlOsAAAB
[2024-12-22T17:23:16.fZ] INFO [engineio.server.send:76] [Dummy-4] 8ZDw_FxECJtOCwnBAAAA: Sending packet MESSAGE data 30[]
[2024-12-22T17:23:41.fZ] INFO [engineio.server.send:76] [Dummy-5] 8ZDw_FxECJtOCwnBAAAA: Sending packet PING data None
[2024-12-22T17:23:41.fZ] INFO [engineio.server.receive:39] [Dummy-3] 8ZDw_FxECJtOCwnBAAAA: Received packet PONG data 
[2024-12-22T17:24:06.fZ] INFO [engineio.server.send:76] [Dummy-6] 8ZDw_FxECJtOCwnBAAAA: Sending packet PING data None
[2024-12-22T17:24:06.fZ] INFO [engineio.server.receive:39] [Dummy-3] 8ZDw_FxECJtOCwnBAAAA: Received packet PONG data 
[2024-12-22T17:24:16.fZ] INFO [engineio.server.receive:39] [Dummy-3] 8ZDw_FxECJtOCwnBAAAA: Received packet MESSAGE data 1
[2024-12-22T17:24:16.fZ] INFO [src.socket_handlers.handle_disconnect:29] [Dummy-3] WebSocket disconnected (Client ID: 4IprXAkXx6TiBlOsAAAB)
[2024-12-22T17:24:18.fZ] INFO [socketio.server.emit:164] [ThreadPoolExecutor-0_0] emitting event "transcription_progress" to hxKzqA2dYzZP3C0-AAAB [/]
[2024-12-22T17:24:18.fZ] INFO [socketio.server.emit:164] [ThreadPoolExecutor-0_0] emitting event "transcription_progress" to hxKzqA2dYzZP3C0-AAAB [/]
[2024-12-22T17:24:28.fZ] INFO [engineio.server.__init__:99] [MainThread] Server initialized for gevent.
[2024-12-22T17:24:28.fZ] INFO [engineio.server.__init__:99] [MainThread] Server initialized for gevent.
[2024-12-22T17:24:58.fZ] INFO [engineio.server.__init__:99] [MainThread] Server initialized for gevent.
[2024-12-22T17:24:58.fZ] INFO [engineio.server.__init__:99] [MainThread] Server initialized for gevent.
[2024-12-22T17:25:02.fZ] INFO [engineio.server.send:76] [Dummy-3] 2JS1NVBciHzJ3pNkAAAA: Sending packet OPEN data {'sid': '2JS1NVBciHzJ3pNkAAAA', 'upgrades': [], 'pingTimeout': 60000, 'pingInterval': 25000}
[2024-12-22T17:25:02.fZ] INFO [engineio.server.handle_get_request:88] [Dummy-3] 2JS1NVBciHzJ3pNkAAAA: Received request to upgrade to websocket
[2024-12-22T17:25:02.fZ] INFO [engineio.server._websocket_handler:214] [Dummy-3] 2JS1NVBciHzJ3pNkAAAA: Upgrade to websocket successful
[2024-12-22T17:25:02.fZ] INFO [engineio.server.receive:39] [Dummy-3] 2JS1NVBciHzJ3pNkAAAA: Received packet MESSAGE data 0
[2024-12-22T17:25:02.fZ] INFO [src.socket_handlers.handle_connect:16] [Dummy-3] WebSocket connected successfully
[2024-12-22T17:25:02.fZ] INFO [src.socket_handlers.handle_connect:17] [Dummy-3] Client ID: KaIdeyjxVDFJXd8fAAAB
[2024-12-22T17:25:02.fZ] INFO [socketio.server.enter_room:284] [Dummy-3] KaIdeyjxVDFJXd8fAAAB is entering room KaIdeyjxVDFJXd8fAAAB [/]
[2024-12-22T17:25:02.fZ] INFO [socketio.server.emit:164] [Dummy-3] emitting event "connection_established" to KaIdeyjxVDFJXd8fAAAB [/]
[2024-12-22T17:25:02.fZ] INFO [engineio.server.send:76] [Dummy-3] 2JS1NVBciHzJ3pNkAAAA: Sending packet MESSAGE data 2["connection_established",{"status":"connected"}]
[2024-12-22T17:25:02.fZ] INFO [src.socket_handlers.handle_connect:24] [Dummy-3] Sent connection_established event
[2024-12-22T17:25:02.fZ] INFO [engineio.server.send:76] [Dummy-3] 2JS1NVBciHzJ3pNkAAAA: Sending packet MESSAGE data 0{"sid":"KaIdeyjxVDFJXd8fAAAB"}
[2024-12-22T17:25:05.fZ] INFO [socketio.server.emit:164] [ThreadPoolExecutor-0_0] emitting event "transcription_progress" to KaIdeyjxVDFJXd8fAAAB [/]
[2024-12-22T17:25:05.fZ] INFO [socketio.server.emit:164] [ThreadPoolExecutor-0_0] emitting event "transcription_progress" to KaIdeyjxVDFJXd8fAAAB [/]
[2024-12-22T17:25:05.fZ] INFO [socketio.server.emit:164] [ThreadPoolExecutor-0_0] emitting event "transcription_progress" to KaIdeyjxVDFJXd8fAAAB [/]
[2024-12-22T17:25:05.fZ] INFO [socketio.server.emit:164] [ThreadPoolExecutor-0_0] emitting event "transcription_progress" to KaIdeyjxVDFJXd8fAAAB [/]
[2024-12-22T17:25:05.fZ] INFO [socketio.server.emit:164] [ThreadPoolExecutor-0_0] emitting event "transcription_progress" to KaIdeyjxVDFJXd8fAAAB [/]
[2024-12-22T17:25:05.fZ] INFO [socketio.server.emit:164] [ThreadPoolExecutor-0_0] emitting event "transcription_progress" to KaIdeyjxVDFJXd8fAAAB [/]
[2024-12-22T17:25:05.fZ] INFO [socketio.server.emit:164] [ThreadPoolExecutor-0_0] emitting event "transcription_progress" to KaIdeyjxVDFJXd8fAAAB [/]
[2024-12-22T17:25:05.fZ] INFO [socketio.server.emit:164] [ThreadPoolExecutor-0_0] emitting event "transcription_progress" to KaIdeyjxVDFJXd8fAAAB [/]
[2024-12-22T17:25:05.fZ] INFO [socketio.server.emit:164] [ThreadPoolExecutor-0_0] emitting event "transcription_progress" to KaIdeyjxVDFJXd8fAAAB [/]
[2024-12-22T17:25:05.fZ] INFO [socketio.server.emit:164] [ThreadPoolExecutor-0_0] emitting event "transcription_progress" to KaIdeyjxVDFJXd8fAAAB [/]
[2024-12-22T17:25:05.fZ] INFO [socketio.server.emit:164] [ThreadPoolExecutor-0_0] emitting event "transcription_progress" to KaIdeyjxVDFJXd8fAAAB [/]
[2024-12-22T17:25:05.fZ] INFO [socketio.server.emit:164] [ThreadPoolExecutor-0_0] emitting event "transcription_progress" to KaIdeyjxVDFJXd8fAAAB [/]
[2024-12-22T17:25:05.fZ] INFO [socketio.server.emit:164] [ThreadPoolExecutor-0_0] emitting event "transcription_progress" to KaIdeyjxVDFJXd8fAAAB [/]
[2024-12-22T17:25:07.fZ] INFO [socketio.server.emit:164] [ThreadPoolExecutor-0_0] emitting event "transcription_progress" to KaIdeyjxVDFJXd8fAAAB [/]
[2024-12-22T17:25:07.fZ] INFO [socketio.server.emit:164] [ThreadPoolExecutor-0_0] emitting event "transcription_progress" to KaIdeyjxVDFJXd8fAAAB [/]
[2024-12-22T17:25:27.fZ] INFO [engineio.server.send:76] [Dummy-4] 2JS1NVBciHzJ3pNkAAAA: Sending packet PING data None
[2024-12-22T17:25:27.fZ] INFO [engineio.server.receive:39] [Dummy-3] 2JS1NVBciHzJ3pNkAAAA: Received packet PONG data 
[2024-12-22T17:25:52.fZ] INFO [engineio.server.send:76] [Dummy-5] 2JS1NVBciHzJ3pNkAAAA: Sending packet PING data None
[2024-12-22T17:25:52.fZ] INFO [engineio.server.receive:39] [Dummy-3] 2JS1NVBciHzJ3pNkAAAA: Received packet PONG data 
[2024-12-22T17:26:02.fZ] INFO [engineio.server.receive:39] [Dummy-3] 2JS1NVBciHzJ3pNkAAAA: Received packet MESSAGE data 1
[2024-12-22T17:26:02.fZ] INFO [src.socket_handlers.handle_disconnect:29] [Dummy-3] WebSocket disconnected (Client ID: KaIdeyjxVDFJXd8fAAAB)
[2024-12-22T17:26:07.fZ] INFO [engineio.server.send:76] [Dummy-6] b-gSpDoZ31i22I-QAAAC: Sending packet OPEN data {'sid': 'b-gSpDoZ31i22I-QAAAC', 'upgrades': [], 'pingTimeout': 60000, 'pingInterval': 25000}
[2024-12-22T17:26:07.fZ] INFO [engineio.server.handle_get_request:88] [Dummy-6] b-gSpDoZ31i22I-QAAAC: Received request to upgrade to websocket
[2024-12-22T17:26:07.fZ] INFO [engineio.server._websocket_handler:214] [Dummy-6] b-gSpDoZ31i22I-QAAAC: Upgrade to websocket successful
[2024-12-22T17:26:07.fZ] INFO [engineio.server.receive:39] [Dummy-6] b-gSpDoZ31i22I-QAAAC: Received packet MESSAGE data 0
[2024-12-22T17:26:07.fZ] INFO [src.socket_handlers.handle_connect:16] [Dummy-6] WebSocket connected successfully
[2024-12-22T17:26:07.fZ] INFO [src.socket_handlers.handle_connect:17] [Dummy-6] Client ID: SF9kNRs0po2Ugbw0AAAD
[2024-12-22T17:26:07.fZ] INFO [socketio.server.enter_room:284] [Dummy-6] SF9kNRs0po2Ugbw0AAAD is entering room SF9kNRs0po2Ugbw0AAAD [/]
[2024-12-22T17:26:07.fZ] INFO [socketio.server.emit:164] [Dummy-6] emitting event "connection_established" to SF9kNRs0po2Ugbw0AAAD [/]
[2024-12-22T17:26:07.fZ] INFO [engineio.server.send:76] [Dummy-6] b-gSpDoZ31i22I-QAAAC: Sending packet MESSAGE data 2["connection_established",{"status":"connected"}]
[2024-12-22T17:26:07.fZ] INFO [src.socket_handlers.handle_connect:24] [Dummy-6] Sent connection_established event
[2024-12-22T17:26:07.fZ] INFO [engineio.server.send:76] [Dummy-6] b-gSpDoZ31i22I-QAAAC: Sending packet MESSAGE data 0{"sid":"SF9kNRs0po2Ugbw0AAAD"}
[2024-12-22T17:26:32.fZ] INFO [engineio.server.send:76] [Dummy-7] b-gSpDoZ31i22I-QAAAC: Sending packet PING data None
[2024-12-22T17:26:32.fZ] INFO [engineio.server.receive:39] [Dummy-6] b-gSpDoZ31i22I-QAAAC: Received packet PONG data 
[2024-12-22T17:26:57.fZ] INFO [engineio.server.send:76] [Dummy-8] b-gSpDoZ31i22I-QAAAC: Sending packet PING data None
[2024-12-22T17:26:57.fZ] INFO [engineio.server.receive:39] [Dummy-6] b-gSpDoZ31i22I-QAAAC: Received packet PONG data 
[2024-12-22T17:27:07.fZ] INFO [engineio.server.receive:39] [Dummy-6] b-gSpDoZ31i22I-QAAAC: Received packet MESSAGE data 1
[2024-12-22T17:27:07.fZ] INFO [src.socket_handlers.handle_disconnect:29] [Dummy-6] WebSocket disconnected (Client ID: SF9kNRs0po2Ugbw0AAAD)
[2024-12-22T17:27:11.fZ] INFO [socketio.server.emit:164] [ThreadPoolExecutor-0_0] emitting event "transcription_progress" to KaIdeyjxVDFJXd8fAAAB [/]
[2024-12-22T17:27:11.fZ] INFO [socketio.server.emit:164] [ThreadPoolExecutor-0_0] emitting event "transcription_progress" to KaIdeyjxVDFJXd8fAAAB [/]
[2024-12-22T17:29:19.fZ] INFO [engineio.server.__init__:99] [MainThread] Server initialized for gevent.
[2024-12-22T17:29:19.fZ] INFO [engineio.server.__init__:99] [MainThread] Server initialized for gevent.
[2024-12-22T17:29:25.fZ] INFO [engineio.server.__init__:99] [MainThread] Server initialized for gevent.
[2024-12-22T17:29:26.fZ] INFO [engineio.server.__init__:99] [MainThread] Server initialized for gevent.
[2024-12-22T17:29:36.fZ] INFO [engineio.server.__init__:99] [MainThread] Server initialized for gevent.
[2024-12-22T17:29:36.fZ] INFO [engineio.server.__init__:99] [MainThread] Server initialized for gevent.
2024-12-22 17:30:14 [INFO] [engineio.server] Server initialized for gevent.
2024-12-22 17:30:14 [INFO] [engineio.server] Server initialized for gevent.
2024-12-22 17:31:12 [INFO] [engineio.server] Server initialized for gevent.
2024-12-22 17:31:13 [INFO] [engineio.server] Server initialized for gevent.
2024-12-22 17:31:40 [[32;20mINFO[0m] [engineio.server] Server initialized for gevent.
2024-12-22 17:31:40 [[32;20mINFO[0m] [engineio.server] Server initialized for gevent.
2024-12-22 17:32:19 [[32;20mINFO[0m] [engineio.server] Server initialized for gevent.
2024-12-22 17:32:19 [[32;20mINFO[0m] [engineio.server] Server initialized for gevent.
2024-12-22 17:32:34 [[32;20mINFO[0m] [engineio.server] Server initialized for gevent.
2024-12-22 17:32:34 [[32;20mINFO[0m] [engineio.server] Server initialized for gevent.
2024-12-22 17:32:56 [INFO] [engineio.server] Server initialized for gevent.
2024-12-22 17:32:56 [INFO] [engineio.server] Server initialized for gevent.
2024-12-22 17:33:34 [INFO] [engineio.server] Server initialized for gevent.
2024-12-22 17:33:34 [INFO] [engineio.server] Server initialized for gevent.
[2024-12-22T17:34:48.fZ] INFO [engineio.server.__init__:99] [MainThread] Server initialized for gevent.
[2024-12-22T17:34:48.fZ] INFO [engineio.server.__init__:99] [MainThread] Server initialized for gevent.
[2024-12-22T17:36:44.fZ] [32mINFO[0m [engineio.server.__init__:99] [MainThread] Server initialized for gevent.
[2024-12-22T17:36:44.fZ] [32mINFO[0m [engineio.server.__init__:99] [MainThread] Server initialized for gevent.
[2024-12-22T17:39:18.301+00:00] INFO [engineio.server.__init__:99] [MainThread] Server initialized for gevent.
[2024-12-22T17:39:18.411+00:00] INFO [engineio.server.__init__:99] [MainThread] Server initialized for gevent.
[2024-12-22T17:39:58.937+00:00] INFO [engineio.server.__init__:99] [MainThread] Server initialized for gevent.
[2024-12-22T17:39:58.980+00:00] INFO [engineio.server.__init__:99] [MainThread] Server initialized for gevent.
[2024-12-22T17:40:07.025+00:00] INFO [gunicorn.error.info:277] [Thread-1] Worker reloading: /Users/ark/Development/Tools/web-toolkit/gunicorn.conf.py modified
[2024-12-22T17:40:07.027+00:00] INFO [gunicorn.error.info:277] [MainThread] Worker exiting (pid: 41928)
[2024-12-22T17:40:07.045+00:00] INFO [gunicorn.error.info:277] [Thread-1] Worker reloading: /Users/ark/Development/Tools/web-toolkit/gunicorn.conf.py modified
[2024-12-22T17:40:07.046+00:00] INFO [gunicorn.error.info:277] [MainThread] Worker exiting (pid: 41929)
[2024-12-22T17:40:08.090+00:00] INFO [engineio.server.__init__:99] [MainThread] Server initialized for gevent.
[2024-12-22T17:40:08.144+00:00] INFO [engineio.server.__init__:99] [MainThread] Server initialized for gevent.
[2024-12-22T17:40:31.423+00:00] INFO [gunicorn.error.info:277] [Thread-1] Worker reloading: /Users/ark/Development/Tools/web-toolkit/gunicorn.conf.py modified
[2024-12-22T17:40:31.423+00:00] INFO [gunicorn.error.info:277] [Thread-1] Worker reloading: /Users/ark/Development/Tools/web-toolkit/gunicorn.conf.py modified
[2024-12-22T17:40:31.424+00:00] INFO [gunicorn.error.info:277] [MainThread] Worker exiting (pid: 41962)
[2024-12-22T17:40:31.424+00:00] INFO [gunicorn.error.info:277] [MainThread] Worker exiting (pid: 41963)
[2024-12-22T17:40:32.508+00:00] INFO [engineio.server.__init__:99] [MainThread] Server initialized for gevent.
[2024-12-22T17:40:32.550+00:00] INFO [engineio.server.__init__:99] [MainThread] Server initialized for gevent.
[2024-12-22T17:40:53.910+00:00] INFO [engineio.server.__init__:99] [MainThread] Server initialized for gevent.
[2024-12-22T17:40:53.952+00:00] INFO [engineio.server.__init__:99] [MainThread] Server initialized for gevent.
[2024-12-22T17:41:06.037+00:00] INFO [gunicorn.error.info:277] [Thread-1] Worker reloading: /Users/ark/Development/Tools/web-toolkit/gunicorn.conf.py modified
[2024-12-22T17:41:06.038+00:00] INFO [gunicorn.error.info:277] [MainThread] Worker exiting (pid: 42201)
[2024-12-22T17:41:06.052+00:00] INFO [gunicorn.error.info:277] [Thread-1] Worker reloading: /Users/ark/Development/Tools/web-toolkit/gunicorn.conf.py modified
[2024-12-22T17:41:06.053+00:00] INFO [gunicorn.error.info:277] [MainThread] Worker exiting (pid: 42202)
[2024-12-22T17:41:07.164+00:00] INFO [engineio.server.__init__:99] [MainThread] Server initialized for gevent.
[2024-12-22T17:41:07.208+00:00] INFO [engineio.server.__init__:99] [MainThread] Server initialized for gevent.
[2024-12-22T17:41:42.674+00:00] INFO [gunicorn.error.info:277] [Thread-1] Worker reloading: /Users/ark/Development/Tools/web-toolkit/app.py modified
[2024-12-22T17:41:42.674+00:00] INFO [gunicorn.error.info:277] [Thread-1] Worker reloading: /Users/ark/Development/Tools/web-toolkit/app.py modified
[2024-12-22T17:41:42.679+00:00] INFO [gunicorn.error.info:277] [MainThread] Worker exiting (pid: 42264)
[2024-12-22T17:41:42.679+00:00] INFO [gunicorn.error.info:277] [MainThread] Worker exiting (pid: 42265)
[2024-12-22T17:41:43.746+00:00] INFO [engineio.server.__init__:99] [MainThread] Server initialized for gevent.
[2024-12-22T17:41:43.819+00:00] INFO [engineio.server.__init__:99] [MainThread] Server initialized for gevent.
[2024-12-22T17:41:44.038+00:00] INFO [gunicorn.error.info:277] [MainThread] Worker exiting (pid: 42354)
[2024-12-22T17:41:44.038+00:00] INFO [gunicorn.error.info:277] [MainThread] Worker exiting (pid: 42355)
[2024-12-22T17:41:46.857+00:00] INFO [engineio.server.__init__:99] [MainThread] Server initialized for gevent.
[2024-12-22T17:41:46.857+00:00] INFO [engineio.server.__init__:99] [MainThread] Server initialized for gevent.
[2024-12-22T17:43:08.170+00:00] INFO [gunicorn.error.info:277] [Thread-1] Worker reloading: /Users/ark/Development/Tools/web-toolkit/gunicorn.conf.py modified
[2024-12-22T17:43:08.170+00:00] INFO [gunicorn.error.info:277] [Thread-1] Worker reloading: /Users/ark/Development/Tools/web-toolkit/gunicorn.conf.py modified
[2024-12-22T17:43:08.171+00:00] INFO [gunicorn.error.info:277] [MainThread] Worker exiting (pid: 42392)
[2024-12-22T17:43:08.171+00:00] INFO [gunicorn.error.info:277] [MainThread] Worker exiting (pid: 42391)
[2024-12-22T17:43:09.fZ] INFO [engineio.server.__init__:99] [MainThread] Server initialized for gevent.
[2024-12-22T17:43:09.fZ] INFO [engineio.server.__init__:99] [MainThread] Server initialized for gevent.
[2024-12-22T17:43:14.fZ] INFO [engineio.server.__init__:99] [MainThread] Server initialized for gevent.
[2024-12-22T17:43:14.fZ] INFO [engineio.server.__init__:99] [MainThread] Server initialized for gevent.
